<?xml version="1.0" encoding="UTF-8"?>
<testsuite name="org.ArraysTriTest" tests="1" skipped="0" failures="0" errors="0" timestamp="2015-12-07T13:39:18" hostname="r30214" time="0.002">
  <properties/>
  <testcase name="testTri" classname="org.ArraysTriTest" time="0.002"/>
  <system-out><![CDATA[]]></system-out>
  <system-err><![CDATA[]]></system-err>
</testsuite>
