<?xml version="1.0" encoding="UTF-8"?>
<testsuite name="org.ArraysTest" tests="1" skipped="0" failures="0" errors="0" timestamp="2015-12-07T11:40:11" hostname="r10208" time="0.006">
  <properties/>
  <testcase name="testSearch" classname="org.ArraysTest" time="0.006"/>
  <system-out><![CDATA[]]></system-out>
  <system-err><![CDATA[]]></system-err>
</testsuite>
